<?xml version="1.0" encoding="UTF-8"?>
<!-- Generated by org.testng.reporters.JUnitReportReporter -->
<testsuite hostname="DESKTOP-9M8R77N" failures="0" tests="1" name="testCases.TC002_AccountLoginTest" time="3.646" errors="0" timestamp="2025-01-21T07:08:12 EST" skipped="0">
  <testcase classname="testCases.TC002_AccountLoginTest" name="verify_login" time="3.646"/>
</testsuite> <!-- testCases.TC002_AccountLoginTest -->
