<?xml version="1.0" encoding="UTF-8"?>
<!-- Generated by org.testng.reporters.JUnitReportReporter -->
<testsuite hostname="DESKTOP-9M8R77N" failures="0" tests="1" name="testCases.TC001_AccountRegistrationTest" time="5.025" errors="0" timestamp="2025-01-24T19:20:14 EST" skipped="0">
  <testcase classname="testCases.TC001_AccountRegistrationTest" name="verify_account_Registration" time="5.025"/>
</testsuite> <!-- testCases.TC001_AccountRegistrationTest -->
