<?xml version="1.0" encoding="UTF-8"?>
<!-- Generated by org.testng.reporters.JUnitReportReporter -->
<testsuite hostname="DESKTOP-9M8R77N" failures="0" tests="1" name="testCases.TC002_AccountLoginTest" time="2.316" errors="0" timestamp="2025-01-21T07:42:07 EST" skipped="0">
  <testcase classname="testCases.TC002_AccountLoginTest" name="verify_login" time="2.316"/>
</testsuite> <!-- testCases.TC002_AccountLoginTest -->
